[2025-09-12T15:27:44.739Z] [DevOpsSpecialist] [INFO] Initializing DevOpsSpecialist agent...
[2025-09-12T15:27:44.739Z] [DevOpsSpecialist] [INFO] DevOps Specialist initializing with CI/CD expertise...
[2025-09-12T15:27:44.746Z] [DevOpsSpecialist] [INFO] Git repository detected
[2025-09-12T15:27:44.752Z] [DevOpsSpecialist] [INFO] Remote repository: https://github.com/DabtcAvila/Ejercicioboot.git
[2025-09-12T15:27:44.753Z] [DevOpsSpecialist] [INFO] DevOpsSpecialist agent initialized successfully
[2025-09-12T15:27:44.753Z] [DevOpsSpecialist] [INFO] Executing task: task_1757690864753 - Unnamed task
[2025-09-12T15:27:44.753Z] [DevOpsSpecialist] [INFO] Setting up repository structure and workflows...
[2025-09-12T15:27:44.753Z] [DevOpsSpecialist] [INFO] Executing task: task_1757690864753 - Unnamed task
[2025-09-12T15:27:44.753Z] [DevOpsSpecialist] [INFO] Creating branch: feature/frontend-development from main
[2025-09-12T15:27:44.754Z] [DevOpsSpecialist] [INFO] Executing task: task_1757690864754 - Unnamed task
[2025-09-12T15:27:44.754Z] [DevOpsSpecialist] [INFO] Creating branch: feature/devops-setup from main
[2025-09-12T15:27:44.754Z] [DevOpsSpecialist] [INFO] Executing task: task_1757690864754 - Unnamed task
[2025-09-12T15:27:44.754Z] [DevOpsSpecialist] [INFO] Creating branch: feature/qa-testing from main
[2025-09-12T15:27:44.760Z] [DevOpsSpecialist] [INFO] Created .github/workflows directory
[2025-09-12T15:27:44.760Z] [DevOpsSpecialist] [INFO] Created GitHub Actions workflows
[2025-09-12T15:27:44.761Z] [DevOpsSpecialist] [INFO] Task task_1757690864753 completed in 8ms
[2025-09-12T15:27:44.772Z] [DevOpsSpecialist] [INFO] Successfully created and switched to branch: feature/frontend-development
[2025-09-12T15:27:44.772Z] [DevOpsSpecialist] [INFO] Task task_1757690864753 completed in 19ms
[2025-09-12T15:27:44.773Z] [DevOpsSpecialist] [INFO] Successfully created and switched to branch: feature/devops-setup
[2025-09-12T15:27:44.773Z] [DevOpsSpecialist] [INFO] Task task_1757690864754 completed in 19ms
[2025-09-12T15:27:44.776Z] [DevOpsSpecialist] [INFO] Successfully created and switched to branch: feature/qa-testing
[2025-09-12T15:27:44.776Z] [DevOpsSpecialist] [INFO] Task task_1757690864754 completed in 22ms
[2025-09-12T15:27:44.776Z] [DevOpsSpecialist] [INFO] Executing task: task_1757690864776 - Unnamed task
[2025-09-12T15:27:44.776Z] [DevOpsSpecialist] [INFO] Creating branch: feature/frontend-development from main
[2025-09-12T15:27:44.776Z] [DevOpsSpecialist] [INFO] Executing task: task_1757690864776 - Unnamed task
[2025-09-12T15:27:44.776Z] [DevOpsSpecialist] [INFO] Creating branch: feature/devops-setup from main
[2025-09-12T15:27:44.793Z] [DevOpsSpecialist] [INFO] Successfully created and switched to branch: feature/frontend-development
[2025-09-12T15:27:44.793Z] [DevOpsSpecialist] [INFO] Task task_1757690864776 completed in 17ms
[2025-09-12T15:27:44.794Z] [DevOpsSpecialist] [INFO] Executing task: task_1757690864793 - Unnamed task
[2025-09-12T15:27:44.796Z] [DevOpsSpecialist] [INFO] Successfully created and switched to branch: feature/devops-setup
[2025-09-12T15:27:44.796Z] [DevOpsSpecialist] [INFO] Task task_1757690864776 completed in 20ms
[2025-09-12T15:27:44.796Z] [DevOpsSpecialist] [INFO] Executing task: task_1757690864796 - Unnamed task
[2025-09-12T15:27:44.796Z] [DevOpsSpecialist] [INFO] Configuring GitHub Pages deployment...
[2025-09-12T15:27:44.799Z] [DevOpsSpecialist] [ERROR] Commit failed: Command failed: git checkout feature/frontend-development
error: pathspec 'feature/frontend-development' did not match any file(s) known to git

[2025-09-12T15:27:44.799Z] [DevOpsSpecialist] [INFO] Task task_1757690864793 completed in 6ms
[2025-09-12T15:27:44.834Z] [DevOpsSpecialist] [INFO] Created gh-pages branch
[2025-09-12T15:27:44.840Z] [DevOpsSpecialist] [ERROR] GitHub Pages setup failed: Command failed: git checkout main
error: pathspec 'main' did not match any file(s) known to git

[2025-09-12T15:27:44.840Z] [DevOpsSpecialist] [INFO] Task task_1757690864796 completed in 44ms
[2025-09-12T15:27:44.840Z] [DevOpsSpecialist] [INFO] Executing task: task_1757690864840 - Unnamed task
[2025-09-12T15:27:44.847Z] [DevOpsSpecialist] [ERROR] Commit failed: Command failed: git checkout feature/devops-setup
error: pathspec 'feature/devops-setup' did not match any file(s) known to git

[2025-09-12T15:27:44.847Z] [DevOpsSpecialist] [INFO] Task task_1757690864840 completed in 7ms
[2025-09-12T15:27:44.847Z] [DevOpsSpecialist] [INFO] Executing task: task_1757690864847 - Unnamed task
[2025-09-12T15:27:44.847Z] [DevOpsSpecialist] [INFO] Merging feature/frontend-development into main...
[2025-09-12T15:27:44.853Z] [DevOpsSpecialist] [ERROR] Merge failed: Command failed: git checkout main
error: pathspec 'main' did not match any file(s) known to git

[2025-09-12T15:27:44.853Z] [DevOpsSpecialist] [INFO] Task task_1757690864847 completed in 6ms
[2025-09-12T15:27:44.854Z] [DevOpsSpecialist] [INFO] Executing task: task_1757690864854 - Unnamed task
[2025-09-12T15:27:44.854Z] [DevOpsSpecialist] [INFO] Merging feature/devops-setup into main...
[2025-09-12T15:27:44.861Z] [DevOpsSpecialist] [ERROR] Merge failed: Command failed: git checkout main
error: pathspec 'main' did not match any file(s) known to git

[2025-09-12T15:27:44.861Z] [DevOpsSpecialist] [INFO] Task task_1757690864854 completed in 7ms
[2025-09-12T15:27:44.861Z] [DevOpsSpecialist] [INFO] Executing task: task_1757690864861 - Unnamed task
[2025-09-12T15:27:44.861Z] [DevOpsSpecialist] [INFO] Deploying from main to GitHub Pages...
[2025-09-12T15:27:44.867Z] [DevOpsSpecialist] [ERROR] Deployment failed: Command failed: git checkout main
error: pathspec 'main' did not match any file(s) known to git

[2025-09-12T15:27:44.867Z] [DevOpsSpecialist] [INFO] Task task_1757690864861 completed in 6ms
[2025-09-12T15:27:44.867Z] [DevOpsSpecialist] [INFO] Executing task: task_1757690864867 - Unnamed task
[2025-09-12T15:27:44.873Z] [DevOpsSpecialist] [ERROR] Commit failed: Command failed: git checkout main
error: pathspec 'main' did not match any file(s) known to git

[2025-09-12T15:27:44.873Z] [DevOpsSpecialist] [INFO] Task task_1757690864867 completed in 6ms
[2025-09-12T15:27:44.873Z] [DevOpsSpecialist] [INFO] Shutting down DevOpsSpecialist agent...
[2025-09-12T15:27:44.873Z] [DevOpsSpecialist] [INFO] DevOpsSpecialist agent shut down successfully
[2025-09-12T15:28:42.470Z] [DevOpsSpecialist] [INFO] Initializing DevOpsSpecialist agent...
[2025-09-12T15:28:42.470Z] [DevOpsSpecialist] [INFO] DevOps Specialist initializing with CI/CD expertise...
[2025-09-12T15:28:42.478Z] [DevOpsSpecialist] [INFO] Git repository detected
[2025-09-12T15:28:42.484Z] [DevOpsSpecialist] [INFO] Remote repository: https://github.com/DabtcAvila/Ejercicioboot.git
[2025-09-12T15:28:42.484Z] [DevOpsSpecialist] [INFO] DevOpsSpecialist agent initialized successfully
[2025-09-12T15:28:42.484Z] [DevOpsSpecialist] [INFO] Executing task: task_1757690922484 - Unnamed task
[2025-09-12T15:28:42.484Z] [DevOpsSpecialist] [INFO] Setting up repository structure and workflows...
[2025-09-12T15:28:42.485Z] [DevOpsSpecialist] [INFO] Executing task: task_1757690922485 - Unnamed task
[2025-09-12T15:28:42.485Z] [DevOpsSpecialist] [INFO] Creating branch: feature/frontend-development from main
[2025-09-12T15:28:42.485Z] [DevOpsSpecialist] [INFO] Executing task: task_1757690922485 - Unnamed task
[2025-09-12T15:28:42.485Z] [DevOpsSpecialist] [INFO] Creating branch: feature/devops-setup from main
[2025-09-12T15:28:42.486Z] [DevOpsSpecialist] [INFO] Executing task: task_1757690922486 - Unnamed task
[2025-09-12T15:28:42.486Z] [DevOpsSpecialist] [INFO] Creating branch: feature/qa-testing from main
[2025-09-12T15:28:42.492Z] [DevOpsSpecialist] [INFO] Created GitHub Actions workflows
[2025-09-12T15:28:42.493Z] [DevOpsSpecialist] [INFO] Task task_1757690922484 completed in 9ms
[2025-09-12T15:28:42.497Z] [DevOpsSpecialist] [ERROR] Failed to create branch: Command failed: git checkout main 2>/dev/null || git checkout -b main
fatal: a branch named 'main' already exists

[2025-09-12T15:28:42.497Z] [DevOpsSpecialist] [INFO] Task task_1757690922485 completed in 12ms
[2025-09-12T15:28:42.498Z] [DevOpsSpecialist] [ERROR] Failed to create branch: Command failed: git checkout main 2>/dev/null || git checkout -b main
fatal: a branch named 'main' already exists

[2025-09-12T15:28:42.498Z] [DevOpsSpecialist] [INFO] Task task_1757690922485 completed in 13ms
[2025-09-12T15:28:42.504Z] [DevOpsSpecialist] [INFO] Successfully created and switched to branch: feature/qa-testing
[2025-09-12T15:28:42.504Z] [DevOpsSpecialist] [INFO] Task task_1757690922486 completed in 18ms
[2025-09-12T15:28:42.504Z] [DevOpsSpecialist] [INFO] Executing task: task_1757690922504 - Unnamed task
[2025-09-12T15:28:42.504Z] [DevOpsSpecialist] [INFO] Creating branch: feature/frontend-development from main
[2025-09-12T15:28:42.504Z] [DevOpsSpecialist] [INFO] Executing task: task_1757690922504 - Unnamed task
[2025-09-12T15:28:42.504Z] [DevOpsSpecialist] [INFO] Creating branch: feature/devops-setup from main
[2025-09-12T15:28:42.516Z] [DevOpsSpecialist] [ERROR] Failed to create branch: Command failed: git checkout main 2>/dev/null || git checkout -b main
fatal: a branch named 'main' already exists

[2025-09-12T15:28:42.516Z] [DevOpsSpecialist] [INFO] Task task_1757690922504 completed in 12ms
[2025-09-12T15:28:42.516Z] [DevOpsSpecialist] [INFO] Executing task: task_1757690922516 - Unnamed task
[2025-09-12T15:28:42.516Z] [DevOpsSpecialist] [INFO] Configuring GitHub Pages deployment...
[2025-09-12T15:28:42.521Z] [DevOpsSpecialist] [INFO] gh-pages branch already exists
[2025-09-12T15:28:42.522Z] [DevOpsSpecialist] [INFO] GitHub Pages configuration complete
[2025-09-12T15:28:42.522Z] [DevOpsSpecialist] [INFO] Task task_1757690922516 completed in 6ms
[2025-09-12T15:28:42.522Z] [DevOpsSpecialist] [INFO] Executing task: task_1757690922522 - Unnamed task
[2025-09-12T15:28:42.522Z] [DevOpsSpecialist] [INFO] Successfully created and switched to branch: feature/frontend-development
[2025-09-12T15:28:42.522Z] [DevOpsSpecialist] [INFO] Task task_1757690922504 completed in 18ms
[2025-09-12T15:28:42.523Z] [DevOpsSpecialist] [INFO] Executing task: task_1757690922523 - Unnamed task
[2025-09-12T15:28:42.528Z] [DevOpsSpecialist] [ERROR] Commit failed: Command failed: git checkout feature/devops-setup
error: pathspec 'feature/devops-setup' did not match any file(s) known to git

[2025-09-12T15:28:42.528Z] [DevOpsSpecialist] [INFO] Task task_1757690922522 completed in 6ms
[2025-09-12T15:28:42.570Z] [DevOpsSpecialist] [INFO] Committed changes: 38b2407
[2025-09-12T15:28:42.570Z] [DevOpsSpecialist] [INFO] Task task_1757690922523 completed in 47ms
[2025-09-12T15:28:42.570Z] [DevOpsSpecialist] [INFO] Executing task: task_1757690922570 - Unnamed task
[2025-09-12T15:28:42.570Z] [DevOpsSpecialist] [INFO] Merging feature/frontend-development into main...
[2025-09-12T15:28:42.577Z] [DevOpsSpecialist] [ERROR] Merge failed: Command failed: git checkout main
error: Your local changes to the following files would be overwritten by checkout:
	logs/devopsspecialist.log
Please commit your changes or stash them before you switch branches.
Aborting

[2025-09-12T15:28:42.577Z] [DevOpsSpecialist] [INFO] Task task_1757690922570 completed in 7ms
[2025-09-12T15:28:42.578Z] [DevOpsSpecialist] [INFO] Executing task: task_1757690922578 - Unnamed task
[2025-09-12T15:28:42.579Z] [DevOpsSpecialist] [INFO] Merging feature/devops-setup into main...
[2025-09-12T15:28:42.585Z] [DevOpsSpecialist] [ERROR] Merge failed: Command failed: git checkout main
error: Your local changes to the following files would be overwritten by checkout:
	logs/devopsspecialist.log
	logs/qaspecialist.log
Please commit your changes or stash them before you switch branches.
Aborting

[2025-09-12T15:28:42.585Z] [DevOpsSpecialist] [INFO] Task task_1757690922578 completed in 7ms
[2025-09-12T15:28:42.586Z] [DevOpsSpecialist] [INFO] Executing task: task_1757690922586 - Unnamed task
[2025-09-12T15:28:42.586Z] [DevOpsSpecialist] [INFO] Deploying from main to GitHub Pages...
[2025-09-12T15:28:42.592Z] [DevOpsSpecialist] [ERROR] Deployment failed: Command failed: git checkout main
error: Your local changes to the following files would be overwritten by checkout:
	logs/devopsspecialist.log
	logs/qaspecialist.log
Please commit your changes or stash them before you switch branches.
Aborting

[2025-09-12T15:28:42.592Z] [DevOpsSpecialist] [INFO] Task task_1757690922586 completed in 6ms
[2025-09-12T15:28:42.593Z] [DevOpsSpecialist] [INFO] Executing task: task_1757690922593 - Unnamed task
[2025-09-12T15:28:42.599Z] [DevOpsSpecialist] [ERROR] Commit failed: Command failed: git checkout main
error: Your local changes to the following files would be overwritten by checkout:
	logs/devopsspecialist.log
	logs/qaspecialist.log
Please commit your changes or stash them before you switch branches.
Aborting

[2025-09-12T15:28:42.599Z] [DevOpsSpecialist] [INFO] Task task_1757690922593 completed in 6ms
[2025-09-12T15:28:42.600Z] [DevOpsSpecialist] [INFO] Shutting down DevOpsSpecialist agent...
[2025-09-12T15:28:42.600Z] [DevOpsSpecialist] [INFO] DevOpsSpecialist agent shut down successfully
