[2025-09-12T15:27:44.738Z] [FrontendSpecialist] [INFO] Initializing FrontendSpecialist agent...
[2025-09-12T15:27:44.738Z] [FrontendSpecialist] [INFO] Frontend Specialist initializing with web development expertise...
[2025-09-12T15:27:44.740Z] [FrontendSpecialist] [INFO] FrontendSpecialist agent initialized successfully
[2025-09-12T15:27:44.793Z] [FrontendSpecialist] [INFO] Executing task: task_1757690864793 - Unnamed task
[2025-09-12T15:27:44.793Z] [FrontendSpecialist] [INFO] Creating webpage structure on branch: feature/frontend-development
[2025-09-12T15:27:44.793Z] [FrontendSpecialist] [INFO] Created index.html (5628 bytes)
[2025-09-12T15:27:44.793Z] [FrontendSpecialist] [INFO] Created styles.css (2816 bytes)
[2025-09-12T15:27:44.793Z] [FrontendSpecialist] [INFO] Created script.js (3381 bytes)
[2025-09-12T15:27:44.793Z] [FrontendSpecialist] [INFO] Task task_1757690864793 completed in 0ms
[2025-09-12T15:27:44.793Z] [FrontendSpecialist] [INFO] Executing task: task_1757690864793 - Unnamed task
[2025-09-12T15:27:44.793Z] [FrontendSpecialist] [INFO] Optimizing webpage performance...
[2025-09-12T15:27:44.793Z] [FrontendSpecialist] [INFO] Task task_1757690864793 completed in 0ms
[2025-09-12T15:27:44.793Z] [FrontendSpecialist] [INFO] Executing task: task_1757690864793 - Unnamed task
[2025-09-12T15:27:44.793Z] [FrontendSpecialist] [INFO] Ensuring WCAG 2.1 AA compliance...
[2025-09-12T15:27:44.793Z] [FrontendSpecialist] [INFO] Task task_1757690864793 completed in 0ms
[2025-09-12T15:27:44.873Z] [FrontendSpecialist] [INFO] Shutting down FrontendSpecialist agent...
[2025-09-12T15:27:44.873Z] [FrontendSpecialist] [INFO] FrontendSpecialist agent shut down successfully
[2025-09-12T15:28:42.469Z] [FrontendSpecialist] [INFO] Initializing FrontendSpecialist agent...
[2025-09-12T15:28:42.469Z] [FrontendSpecialist] [INFO] Frontend Specialist initializing with web development expertise...
[2025-09-12T15:28:42.472Z] [FrontendSpecialist] [INFO] FrontendSpecialist agent initialized successfully
[2025-09-12T15:28:42.522Z] [FrontendSpecialist] [INFO] Executing task: task_1757690922522 - Unnamed task
[2025-09-12T15:28:42.522Z] [FrontendSpecialist] [INFO] Creating webpage structure on branch: feature/frontend-development
[2025-09-12T15:28:42.523Z] [FrontendSpecialist] [INFO] Created index.html (5628 bytes)
[2025-09-12T15:28:42.523Z] [FrontendSpecialist] [INFO] Created styles.css (2816 bytes)
[2025-09-12T15:28:42.523Z] [FrontendSpecialist] [INFO] Created script.js (3381 bytes)
[2025-09-12T15:28:42.523Z] [FrontendSpecialist] [INFO] Task task_1757690922522 completed in 1ms
[2025-09-12T15:28:42.523Z] [FrontendSpecialist] [INFO] Executing task: task_1757690922523 - Unnamed task
[2025-09-12T15:28:42.523Z] [FrontendSpecialist] [INFO] Optimizing webpage performance...
[2025-09-12T15:28:42.523Z] [FrontendSpecialist] [INFO] Task task_1757690922523 completed in 0ms
[2025-09-12T15:28:42.523Z] [FrontendSpecialist] [INFO] Executing task: task_1757690922523 - Unnamed task
[2025-09-12T15:28:42.523Z] [FrontendSpecialist] [INFO] Ensuring WCAG 2.1 AA compliance...
[2025-09-12T15:28:42.523Z] [FrontendSpecialist] [INFO] Task task_1757690922523 completed in 0ms
[2025-09-12T15:28:42.600Z] [FrontendSpecialist] [INFO] Shutting down FrontendSpecialist agent...
[2025-09-12T15:28:42.600Z] [FrontendSpecialist] [INFO] FrontendSpecialist agent shut down successfully
