[2025-09-12T15:27:44.740Z] [QASpecialist] [INFO] Initializing QASpecialist agent...
[2025-09-12T15:27:44.740Z] [QASpecialist] [INFO] QA Specialist initializing with testing expertise...
[2025-09-12T15:27:44.740Z] [QASpecialist] [INFO] QASpecialist agent initialized successfully
[2025-09-12T15:27:44.853Z] [QASpecialist] [INFO] Executing task: task_1757690864853 - Unnamed task
[2025-09-12T15:27:44.853Z] [QASpecialist] [INFO] Running full QA test suite...
[2025-09-12T15:27:44.854Z] [QASpecialist] [INFO] Validating HTML: index.html
[2025-09-12T15:27:44.854Z] [QASpecialist] [INFO] Validating CSS: styles.css
[2025-09-12T15:27:44.854Z] [QASpecialist] [INFO] Testing accessibility: index.html
[2025-09-12T15:27:44.854Z] [QASpecialist] [INFO] Testing performance: index.html
[2025-09-12T15:27:44.854Z] [QASpecialist] [INFO] Test suite completed: 5/7 passed
[2025-09-12T15:27:44.854Z] [QASpecialist] [INFO] Task task_1757690864853 completed in 1ms
[2025-09-12T15:27:44.854Z] [QASpecialist] [INFO] Executing task: task_1757690864854 - Unnamed task
[2025-09-12T15:27:44.854Z] [QASpecialist] [INFO] Generating comprehensive test report...
[2025-09-12T15:27:44.854Z] [QASpecialist] [INFO] Test report saved to qa-report.json
[2025-09-12T15:27:44.854Z] [QASpecialist] [INFO] Task task_1757690864854 completed in 0ms
[2025-09-12T15:27:44.873Z] [QASpecialist] [INFO] Shutting down QASpecialist agent...
[2025-09-12T15:27:44.873Z] [QASpecialist] [INFO] QASpecialist agent shut down successfully
[2025-09-12T15:28:42.471Z] [QASpecialist] [INFO] Initializing QASpecialist agent...
[2025-09-12T15:28:42.471Z] [QASpecialist] [INFO] QA Specialist initializing with testing expertise...
[2025-09-12T15:28:42.472Z] [QASpecialist] [INFO] QASpecialist agent initialized successfully
[2025-09-12T15:28:42.577Z] [QASpecialist] [INFO] Executing task: task_1757690922577 - Unnamed task
[2025-09-12T15:28:42.577Z] [QASpecialist] [INFO] Running full QA test suite...
[2025-09-12T15:28:42.578Z] [QASpecialist] [INFO] Validating HTML: index.html
[2025-09-12T15:28:42.578Z] [QASpecialist] [INFO] Validating CSS: styles.css
[2025-09-12T15:28:42.578Z] [QASpecialist] [INFO] Testing accessibility: index.html
[2025-09-12T15:28:42.578Z] [QASpecialist] [INFO] Testing performance: index.html
[2025-09-12T15:28:42.578Z] [QASpecialist] [INFO] Test suite completed: 7/7 passed
[2025-09-12T15:28:42.578Z] [QASpecialist] [INFO] Task task_1757690922577 completed in 1ms
[2025-09-12T15:28:42.578Z] [QASpecialist] [INFO] Executing task: task_1757690922578 - Unnamed task
[2025-09-12T15:28:42.578Z] [QASpecialist] [INFO] Generating comprehensive test report...
[2025-09-12T15:28:42.578Z] [QASpecialist] [INFO] Test report saved to qa-report.json
[2025-09-12T15:28:42.578Z] [QASpecialist] [INFO] Task task_1757690922578 completed in 0ms
[2025-09-12T15:28:42.600Z] [QASpecialist] [INFO] Shutting down QASpecialist agent...
[2025-09-12T15:28:42.600Z] [QASpecialist] [INFO] QASpecialist agent shut down successfully
